This is pdfeTeX, Version 3.141592-1.21a-2.2 (Web2C 7.5.4) (format=pdflatex 2006.12.19)  27 AUG 2007 13:02
entering extended mode
**outline.tex
(./outline.tex
LaTeX2e <2003/12/01>
Babel <v3.8d> and hyphenation patterns for american, french, german, ngerman, b
ahasa, basque, bulgarian, catalan, croatian, czech, danish, dutch, esperanto, e
stonian, finnish, greek, icelandic, irish, italian, latin, magyar, norsk, polis
h, portuges, romanian, russian, serbian, slovak, slovene, spanish, swedish, tur
kish, ukrainian, nohyphenation, loaded.
(/usr/share/texmf-tetex/tex/latex/base/article.cls
Document Class: article 2004/02/16 v1.4f Standard LaTeX document class
(/usr/share/texmf-tetex/tex/latex/base/size12.clo
File: size12.clo 2004/02/16 v1.4f Standard LaTeX file (size option)
)
\c@part=\count79
\c@section=\count80
\c@subsection=\count81
\c@subsubsection=\count82
\c@paragraph=\count83
\c@subparagraph=\count84
\c@figure=\count85
\c@table=\count86
\abovecaptionskip=\skip41
\belowcaptionskip=\skip42
\bibindent=\dimen102
) (./outline.aux)
\openout1 = `outline.aux'.

LaTeX Font Info:    Checking defaults for OML/cmm/m/it on input line 13.
LaTeX Font Info:    ... okay on input line 13.
LaTeX Font Info:    Checking defaults for T1/cmr/m/n on input line 13.
LaTeX Font Info:    ... okay on input line 13.
LaTeX Font Info:    Checking defaults for OT1/cmr/m/n on input line 13.
LaTeX Font Info:    ... okay on input line 13.
LaTeX Font Info:    Checking defaults for OMS/cmsy/m/n on input line 13.
LaTeX Font Info:    ... okay on input line 13.
LaTeX Font Info:    Checking defaults for OMX/cmex/m/n on input line 13.
LaTeX Font Info:    ... okay on input line 13.
LaTeX Font Info:    Checking defaults for U/cmr/m/n on input line 13.
LaTeX Font Info:    ... okay on input line 13.
LaTeX Font Info:    External font `cmex10' loaded for size
(Font)              <14.4> on input line 14.
LaTeX Font Info:    External font `cmex10' loaded for size
(Font)              <7> on input line 14.

Overfull \hbox (29.0624pt too wide) in paragraph at lines 18--22
\OT1/cmr/m/it/12 (I copied the fol-low-ing from https://twiki.cern.ch/twiki/bin
/view/CMS/SWGuideMuonAlignAlgos.
 []

LaTeX Font Info:    External font `cmex10' loaded for size
(Font)              <12> on input line 58.
LaTeX Font Info:    External font `cmex10' loaded for size
(Font)              <8> on input line 58.
LaTeX Font Info:    External font `cmex10' loaded for size
(Font)              <6> on input line 58.
[1

{/var/lib/texmf/fonts/map/pdftex/updmap/pdftex.map}] [2] [3] (./outline.aux) ) 
Here is how much of TeX's memory you used:
 238 strings out of 94500
 2547 string characters out of 1175787
 51348 words of memory out of 1000000
 3480 multiletter control sequences out of 10000+50000
 9324 words of font info for 33 fonts, out of 500000 for 2000
 580 hyphenation exceptions out of 8191
 22i,6n,19p,166b,187s stack positions out of 1500i,500n,5000p,200000b,5000s
PDF statistics:
 40 PDF objects out of 300000
 0 named destinations out of 131072
 1 words of extra memory for PDF output out of 65536
<
/usr/share/texmf-tetex/fonts/type1/bluesky/cm/cmtt12.pfb></usr/share/texmf-tete
x/fonts/type1/bluesky/cm/cmsy10.pfb></usr/share/texmf-tetex/fonts/type1/bluesky
/cm/cmmi8.pfb></usr/share/texmf-tetex/fonts/type1/bluesky/cm/cmmi12.pfb></usr/s
hare/texmf-tetex/fonts/type1/bluesky/cm/cmr8.pfb></usr/share/texmf-tetex/fonts/
type1/bluesky/cm/cmsy8.pfb></usr/share/texmf-tetex/fonts/type1/bluesky/cm/cmti1
2.pfb></usr/share/texmf-tetex/fonts/type1/bluesky/cm/cmbx12.pfb></usr/share/tex
mf-tetex/fonts/type1/bluesky/cm/cmr12.pfb></usr/share/texmf-tetex/fonts/type1/b
luesky/cm/cmr17.pfb>
Output written on outline.pdf (3 pages, 63199 bytes).
